e:\n\server\src\gameserver\x64\debug\gameworker.obj
e:\n\server\src\gameserver\x64\debug\gameworker_game.obj
e:\n\server\src\gameserver\x64\debug\gameglobal.obj
e:\n\server\src\gameserver\x64\debug\main.obj
e:\n\server\src\gameserver\x64\debug\gameworker_game_dispatch.obj
e:\n\server\src\gameserver\x64\debug\usermanager.obj
e:\n\server\src\gameserver\x64\debug\user.obj
e:\n\server\src\gameserver\x64\debug\pch.obj
e:\n\server\src\gameserver\x64\debug\useracceptor.obj
e:\n\server\src\gameserver\x64\debug\gameserver.obj
e:\n\server\src\gameserver\x64\debug\vc142.pdb
e:\n\server\src\gameserver\x64\debug\vc142.idb
e:\n\server\x64\debug\gameserver.pdb
e:\n\server\src\gameserver\x64\debug\gameserver.tlog\cl.16084.write.1.tlog
e:\n\server\src\gameserver\x64\debug\gameserver.tlog\cl.command.1.tlog
e:\n\server\src\gameserver\x64\debug\gameserver.tlog\cl.read.1.tlog
e:\n\server\src\gameserver\x64\debug\gameserver.tlog\link-cvtres.read.1.tlog
e:\n\server\src\gameserver\x64\debug\gameserver.tlog\link-cvtres.write.1.tlog
e:\n\server\src\gameserver\x64\debug\gameserver.tlog\link-rc.read.1.tlog
e:\n\server\src\gameserver\x64\debug\gameserver.tlog\link-rc.write.1.tlog
e:\n\server\src\gameserver\x64\debug\gameserver.tlog\link.command.1.tlog
e:\n\server\src\gameserver\x64\debug\gameserver.tlog\link.read.1.tlog
e:\n\server\src\gameserver\x64\debug\gameserver.tlog\link.write.1.tlog
