e:\n\source\src\client\debug\client.pch
e:\n\source\src\client\debug\vc142.pdb
e:\n\source\src\client\debug\vc142.idb
e:\n\source\src\client\debug\pch.obj
e:\n\source\src\client\debug\logindlg.obj
e:\n\source\src\client\debug\http_client.obj
e:\n\source\src\client\debug\gameclient.obj
e:\n\source\src\client\debug\clientworker_dispatch.obj
e:\n\source\src\client\debug\clientworker.obj
e:\n\source\src\client\debug\client.obj
e:\n\source\src\client\debug\client.res
e:\n\source\src\client\debug\client.tlog\cl.command.1.tlog
e:\n\source\src\client\debug\client.tlog\cl.read.1.tlog
e:\n\source\src\client\debug\client.tlog\cl.write.1.tlog
e:\n\source\src\client\debug\client.tlog\link.command.1.tlog
e:\n\source\src\client\debug\client.tlog\link.read.1.tlog
e:\n\source\src\client\debug\client.tlog\link.write.1.tlog
e:\n\source\src\client\debug\client.tlog\rc.command.1.tlog
e:\n\source\src\client\debug\client.tlog\rc.read.1.tlog
e:\n\source\src\client\debug\client.tlog\rc.write.1.tlog
