e:\downloads\n\source\src\client\x64\debug\client.pch
e:\downloads\n\source\src\client\x64\debug\vc142.pdb
e:\downloads\n\source\src\client\x64\debug\vc142.idb
e:\downloads\n\source\src\client\x64\debug\pch.obj
e:\downloads\n\source\src\client\x64\debug\mainframe.obj
e:\downloads\n\source\src\client\x64\debug\logindlg.obj
e:\downloads\n\source\src\client\x64\debug\http_client.obj
e:\downloads\n\source\src\client\x64\debug\gameclient.obj
e:\downloads\n\source\src\client\x64\debug\clientworker_dispatch.obj
e:\downloads\n\source\src\client\x64\debug\clientworker.obj
e:\downloads\n\source\src\client\x64\debug\client.obj
e:\downloads\n\source\src\client\x64\debug\chatdlg.obj
e:\downloads\n\source\src\client\x64\debug\client.ilk
e:\downloads\n\source\x64\debug\client.exe
e:\downloads\n\source\x64\debug\client.pdb
e:\downloads\n\source\src\client\x64\debug\client.res
e:\downloads\n\source\src\client\x64\debug\client.tlog\cl.command.1.tlog
e:\downloads\n\source\src\client\x64\debug\client.tlog\cl.read.1.tlog
e:\downloads\n\source\src\client\x64\debug\client.tlog\cl.write.1.tlog
e:\downloads\n\source\src\client\x64\debug\client.tlog\link.command.1.tlog
e:\downloads\n\source\src\client\x64\debug\client.tlog\link.read.1.tlog
e:\downloads\n\source\src\client\x64\debug\client.tlog\link.write.1.tlog
e:\downloads\n\source\src\client\x64\debug\client.tlog\rc.command.1.tlog
e:\downloads\n\source\src\client\x64\debug\client.tlog\rc.read.1.tlog
e:\downloads\n\source\src\client\x64\debug\client.tlog\rc.write.1.tlog
